\BOOKMARK [1][-]{section.1}{\376\377\000S\000y\000s\000t\000e\000m\000\040\000M\000o\000d\000e\000l\000l\000i\000n\000g}{}% 1
\BOOKMARK [2][-]{subsection.1.1}{\376\377\000U\000I\000\040\000d\000e\000s\000i\000g\000n\000\040\000M\000o\000c\000k\000u\000p}{section.1}% 2
\BOOKMARK [3][-]{subsubsection.1.1.1}{\376\377\000T\000r\000a\000n\000g\000\040\000c\000h\036\347\000\040\000v\000\340\000\040\001\021\001\003\000n\000g\000\040\000n\000h\036\255\000p}{subsection.1.1}% 3
\BOOKMARK [3][-]{subsubsection.1.1.2}{\376\377\000S\000i\000n\000h\000\040\000v\000i\000\352\000n\000\040\001\021\001\003\000n\000g\000\040\000k\000\375\000\040\000n\000h\000\363\000m\000\040\000v\000\340\000\040\000t\000u\000t\000o\000r\000\040\000n\000h\036\255\000n\000/\000t\036\353\000\040\000c\000h\036\321\000i\000\040\000y\000\352\000u\000\040\000c\036\247\000u}{subsection.1.1}% 4
\BOOKMARK [3][-]{subsubsection.1.1.3}{\376\377\000T\000h\000\364\000n\000g\000\040\000t\000i\000n\000\040\000n\000h\000\363\000m\000\040\000v\000\340\000\040\000t\000h\000a\000o\000\040\000t\000\341\000c\000\040\001\021\001\003\000n\000g\000\040\000k\000\375\000\040\000n\000h\000\363\000m\000\040\000m\036\333\000i}{subsection.1.1}% 5
\BOOKMARK [3][-]{subsubsection.1.1.4}{\376\377\000T\000h\000\364\000n\000g\000\040\000t\000i\000n\000\040\000g\000i\036\243\000n\000g\000\040\000v\000i\000\352\000n\000\040\000v\000\340\000\040\000m\000\364\000n\000\040\000h\036\315\000c}{subsection.1.1}% 6
\BOOKMARK [3][-]{subsubsection.1.1.5}{\376\377\000T\000u\000t\000o\000r\000\040\000q\000u\036\243\000n\000\040\000l\000\375\000\040\000b\000u\036\325\000i\000\040\000h\036\315\000c}{subsection.1.1}% 7
\BOOKMARK [3][-]{subsubsection.1.1.6}{\376\377\000S\000i\000n\000h\000\040\000v\000i\000\352\000n\000\040\001\021\001\003\000n\000g\000\040\000k\000\375\000\040\000b\000u\036\325\000i\000\040\000h\036\315\000c}{subsection.1.1}% 8
\BOOKMARK [3][-]{subsubsection.1.1.7}{\376\377\000S\000i\000n\000h\000\040\000v\000i\000\352\000n\000\040\000-\000\040\000B\000u\036\325\000i\000\040\000h\036\315\000c\000\040\000c\036\347\000a\000\040\000t\000\364\000i}{subsection.1.1}% 9
\BOOKMARK [3][-]{subsubsection.1.1.8}{\376\377\000T\000u\000t\000o\000r\000\040\000-\000\040\000Q\000u\036\243\000n\000\040\000l\000\375\000\040\000b\000u\036\325\000i\000\040\000h\036\315\000c}{subsection.1.1}% 10
\BOOKMARK [3][-]{subsubsection.1.1.9}{\376\377\000P\000h\000\362\000n\000g\000\040\000C\000\364\000n\000g\000\040\000t\000\341\000c\000\040\000S\000i\000n\000h\000\040\000v\000i\000\352\000n}{subsection.1.1}% 11
\BOOKMARK [3][-]{subsubsection.1.1.10}{\376\377\000K\000h\000o\000a\000/\000B\036\331\000\040\000m\000\364\000n}{subsection.1.1}% 12
\BOOKMARK [3][-]{subsubsection.1.1.11}{\376\377\000P\000h\000\362\000n\000g\000\040\001\020\000\340\000o\000\040\000t\036\241\000o\000\040\000\046\000\040\001\020\000i\036\301\000u\000\040\000p\000h\036\321\000i\000\040\000v\000i\000\352\000n}{subsection.1.1}% 13
\BOOKMARK [2][-]{subsection.1.2}{\376\377\000S\000e\000q\000u\000e\000n\000c\000e\000\040\000d\000i\000a\000g\000r\000a\000m\000s}{section.1}% 14
\BOOKMARK [3][-]{subsubsection.1.2.1}{\376\377\000S\000i\000n\000h\000\040\000v\000i\000\352\000n\000\040\001\021\001\003\000n\000g\000\040\000k\000\375\000\040\000n\000h\000\363\000m\000:}{subsection.1.2}% 15
\BOOKMARK [3][-]{subsubsection.1.2.2}{\376\377\000T\000u\000t\000o\000r\000\040\000c\000h\036\245\000p\000\040\000n\000h\036\255\000n\000/\000t\036\353\000\040\000c\000h\036\321\000i\000\040\000n\000h\000\363\000m\000:}{subsection.1.2}% 16
\BOOKMARK [3][-]{subsubsection.1.2.3}{\376\377\000T\000u\000t\000o\000r\000\040\000m\036\337\000\040\000b\000u\036\325\000i\000\040\000h\036\315\000c\000:}{subsection.1.2}% 17
\BOOKMARK [3][-]{subsubsection.1.2.4}{\376\377\000S\000i\000n\000h\000\040\000v\000i\000\352\000n\000\040\000t\000h\000a\000m\000\040\000g\000i\000a\000\040\000b\000u\036\325\000i\000\040\000h\036\315\000c\000:}{subsection.1.2}% 18
\BOOKMARK [3][-]{subsubsection.1.2.5}{\376\377\000S\000i\000n\000h\000\040\000v\000i\000\352\000n\000\040\000t\000r\000u\000y\000\040\000c\036\255\000p\000\040\000t\000\340\000i\000\040\000l\000i\036\307\000u\000:}{subsection.1.2}% 19
\BOOKMARK [2][-]{subsection.1.3}{\376\377\000A\000c\000t\000i\000v\000i\000t\000y\000\040\000d\000i\000a\000g\000r\000a\000m\000s}{section.1}% 20
\BOOKMARK [3][-]{subsubsection.1.3.1}{\376\377\000S\000i\000n\000h\000\040\000v\000i\000\352\000n\000\040\001\021\001\003\000n\000g\000\040\000k\000\375\000\040\000n\000h\000\363\000m\000:}{subsection.1.3}% 21
\BOOKMARK [3][-]{subsubsection.1.3.2}{\376\377\000T\000u\000t\000o\000r\000\040\000c\000h\036\245\000p\000\040\000n\000h\036\255\000n\000/\000t\036\353\000\040\000c\000h\036\321\000i\000\040\000n\000h\000\363\000m\000\040\000y\000\352\000u\000\040\000c\036\247\000u\000:}{subsection.1.3}% 22
\BOOKMARK [3][-]{subsubsection.1.3.3}{\376\377\000T\000u\000t\000o\000r\000\040\000m\036\337\000\040\000b\000u\036\325\000i\000\040\000h\036\315\000c\000:}{subsection.1.3}% 23
\BOOKMARK [3][-]{subsubsection.1.3.4}{\376\377\000S\000i\000n\000h\000\040\000v\000i\000\352\000n\000\040\000t\000h\000a\000m\000\040\000g\000i\000a\000\040\000b\000u\036\325\000i\000\040\000h\036\315\000c\000:}{subsection.1.3}% 24
\BOOKMARK [3][-]{subsubsection.1.3.5}{\376\377\000S\000i\000n\000h\000\040\000v\000i\000\352\000n\000\040\000t\000r\000u\000y\000\040\000c\036\255\000p\000\040\000t\000\340\000i\000\040\000l\000i\036\307\000u\000:}{subsection.1.3}% 25
\BOOKMARK [2][-]{subsection.1.4}{\376\377\000S\000t\000a\000t\000e\000-\000c\000h\000a\000r\000t\000\040\000d\000i\000a\000g\000r\000a\000m\000s\000\040}{section.1}% 26
